<?xml version="1.0" encoding="UTF-8"?>
<testng-results ignored="0" total="2" passed="1" failed="1" skipped="0">
  <reporter-output>
  </reporter-output>
  <suite started-at="2023-11-23T17:40:09 IST" name="Default suite" finished-at="2023-11-23T17:40:37 IST" duration-ms="27824">
    <groups>
      <group name="cucumber">
        <method signature="AbstractTestNGCucumberTests.runScenario(io.cucumber.testng.PickleWrapper,io.cucumber.testng.FeatureWrapper)[pri:0, instance:cucumberOptions.TestRunner@44be0077]" name="runScenario" class="io.cucumber.testng.AbstractTestNGCucumberTests"/>
      </group> <!-- cucumber -->
    </groups>
    <test started-at="2023-11-23T17:40:09 IST" name="Default test" finished-at="2023-11-23T17:40:37 IST" duration-ms="27824">
      <class name="cucumberOptions.TestRunner">
        <test-method is-config="true" signature="setUpClass(org.testng.ITestContext)[pri:0, instance:cucumberOptions.TestRunner@44be0077]" started-at="2023-11-23T17:40:09 IST" name="setUpClass" finished-at="2023-11-23T17:40:10 IST" duration-ms="868" status="PASS">
          <params>
            <param index="0">
              <value>
                <![CDATA[org.testng.TestRunner@29ccab93]]>
              </value>
            </param>
          </params>
          <reporter-output>
          </reporter-output>
        </test-method> <!-- setUpClass -->
        <test-method is-config="true" signature="startPoint()[pri:0, instance:cucumberOptions.TestRunner@44be0077]" started-at="2023-11-23T17:40:10 IST" name="startPoint" finished-at="2023-11-23T17:40:16 IST" duration-ms="5968" status="PASS">
          <reporter-output>
          </reporter-output>
        </test-method> <!-- startPoint -->
        <test-method signature="runScenario(io.cucumber.testng.PickleWrapper,io.cucumber.testng.FeatureWrapper)[pri:0, instance:cucumberOptions.TestRunner@44be0077]" started-at="2023-11-23T17:40:16 IST" name="runScenario" description="Runs Cucumber Scenarios" data-provider="scenarios" finished-at="2023-11-23T17:40:31 IST" duration-ms="15468" status="PASS">
          <params>
            <param index="0">
              <value>
                <![CDATA["Verify user logged in successfully"]]>
              </value>
            </param>
            <param index="1">
              <value>
                <![CDATA["Google naviagte"]]>
              </value>
            </param>
          </params>
          <reporter-output>
          </reporter-output>
        </test-method> <!-- runScenario -->
        <test-method signature="runScenario(io.cucumber.testng.PickleWrapper,io.cucumber.testng.FeatureWrapper)[pri:0, instance:cucumberOptions.TestRunner@44be0077]" started-at="2023-11-23T17:40:31 IST" name="runScenario" description="Runs Cucumber Scenarios" data-provider="scenarios" finished-at="2023-11-23T17:40:32 IST" duration-ms="658" status="FAIL">
          <params>
            <param index="0">
              <value>
                <![CDATA["Failed Scenario"]]>
              </value>
            </param>
            <param index="1">
              <value>
                <![CDATA["Google naviagte"]]>
              </value>
            </param>
          </params>
          <exception class="java.lang.AssertionError">
            <message>
              <![CDATA[Forcefully failed expected [true] but found [false]]]>
            </message>
            <full-stacktrace>
              <![CDATA[java.lang.AssertionError: Forcefully failed expected [true] but found [false]
at org.testng.Assert.fail(Assert.java:110)
at org.testng.Assert.failNotEquals(Assert.java:1413)
at org.testng.Assert.assertTrue(Assert.java:56)
at pageObjects.LoginPage.failedscenrios(LoginPage.java:74)
at stepDefinations.LoginPageStepDef.verify_failure(LoginPageStepDef.java:35)
at âœ½.verify failure(file:///C:/Users/shubham.dhiman/eclipse-workspace/JenkinsGitHubDemo/src/test/java/Features/1.Login.feature:13)
]]>
            </full-stacktrace>
          </exception> <!-- java.lang.AssertionError -->
          <reporter-output>
          </reporter-output>
        </test-method> <!-- runScenario -->
        <test-method is-config="true" signature="endPoint()[pri:0, instance:cucumberOptions.TestRunner@44be0077]" started-at="2023-11-23T17:40:32 IST" name="endPoint" finished-at="2023-11-23T17:40:32 IST" duration-ms="451" status="PASS">
          <reporter-output>
          </reporter-output>
        </test-method> <!-- endPoint -->
        <test-method is-config="true" signature="tearDownClass()[pri:0, instance:cucumberOptions.TestRunner@44be0077]" started-at="2023-11-23T17:40:32 IST" name="tearDownClass" finished-at="2023-11-23T17:40:37 IST" duration-ms="4331" status="PASS">
          <reporter-output>
          </reporter-output>
        </test-method> <!-- tearDownClass -->
      </class> <!-- cucumberOptions.TestRunner -->
    </test> <!-- Default test -->
  </suite> <!-- Default suite -->
</testng-results>
