<?xml version="1.0" encoding="UTF-8"?>
<!-- Generated by org.testng.reporters.JUnitReportReporter -->
<testsuite hostname="shubham-dhiman" failures="1" tests="2" name="cucumberOptions.TestRunner" time="16.126" errors="0" timestamp="2023-11-23T17:40:37 IST" skipped="0">
  <testcase classname="cucumberOptions.TestRunner" name="runScenario" time="0.658">
    <failure message="Forcefully failed expected [true] but found [false]" type="java.lang.AssertionError">
      <![CDATA[java.lang.AssertionError: Forcefully failed expected [true] but found [false]
at org.testng.Assert.fail(Assert.java:110)
at org.testng.Assert.failNotEquals(Assert.java:1413)
at org.testng.Assert.assertTrue(Assert.java:56)
at pageObjects.LoginPage.failedscenrios(LoginPage.java:74)
at stepDefinations.LoginPageStepDef.verify_failure(LoginPageStepDef.java:35)
at âœ½.verify failure(file:///C:/Users/shubham.dhiman/eclipse-workspace/JenkinsGitHubDemo/src/test/java/Features/1.Login.feature:13)
]]>
    </failure>
  </testcase> <!-- runScenario -->
  <system-out/>
  <testcase classname="cucumberOptions.TestRunner" name="runScenario" time="15.468"/>
  <system-out/>
</testsuite> <!-- cucumberOptions.TestRunner -->
